#
# There is insufficient memory for the Java Runtime Environment to continue.
# Native memory allocation (malloc) failed to allocate 1183696 bytes for Chunk::new
# Possible reasons:
#   The system is out of physical RAM or swap space
#   The process is running with CompressedOops enabled, and the Java Heap may be blocking the growth of the native heap
# Possible solutions:
#   Reduce memory load on the system
#   Increase physical memory or swap space
#   Check if swap backing store is full
#   Decrease Java heap size (-Xmx/-Xms)
#   Decrease number of Java threads
#   Decrease Java thread stack sizes (-Xss)
#   Set larger code cache with -XX:ReservedCodeCacheSize=
#   JVM is running with Unscaled Compressed Oops mode in which the Java heap is
#     placed in the first 4GB address space. The Java Heap base address is the
#     maximum limit for the native heap growth. Please use -XX:HeapBaseMinAddress
#     to set the Java Heap base and to place the Java Heap above 4GB virtual address.
# This output file may be truncated or incomplete.
#
#  Out of Memory Error (t:/workspace/open/src/hotspot/share/memory/arena.cpp:197), pid=12568, tid=13504
#
# JRE version: Java(TM) SE Runtime Environment (11.0.3+12) (build 11.0.3+12-LTS)
# Java VM: Java HotSpot(TM) 64-Bit Server VM (11.0.3+12-LTS, mixed mode, tiered, compressed oops, g1 gc, windows-amd64)
# No core dump will be written. Minidumps are not enabled by default on client versions of Windows
#

---------------  S U M M A R Y ------------

Command Line: -Dclassworlds.conf=C:\Program Files\netbeans\java\maven\bin\m2.conf -Dmaven.home=C:\Program Files\netbeans\java\maven -Dmaven.multiModuleProjectDirectory=E:\oka bc\new eval\eval org.codehaus.plexus.classworlds.launcher.Launcher -Dmaven.ext.class.path=C:\Program Files\netbeans\java\maven-nblib\netbeans-eventspy.jar -Dfile.encoding=UTF-8 clean install

Host: AMD Athlon(tm) X4 870K Quad Core Processor     , 4 cores, 7G,  Windows 10 , 64 bit Build 17134 (10.0.17134.753)
Time: Wed Jun  5 16:27:54 2019 SE Asia Standard Time elapsed time: 15 seconds (0d 0h 0m 15s)

---------------  T H R E A D  ---------------

Current thread (0x000001c65d109000):  JavaThread "C2 CompilerThread1" daemon [_thread_in_native, id=13504, stack(0x0000009244500000,0x0000009244600000)]


Current CompileTask:
C2:  15813 7595 % !   4       java.nio.file.Files::walkFileTree @ 19 (294 bytes)

Stack: [0x0000009244500000,0x0000009244600000]
Native frames: (J=compiled Java code, j=interpreted, Vv=VM code, C=native code)
V  [jvm.dll+0x63582a]
V  [jvm.dll+0x77360f]
V  [jvm.dll+0x774cba]
V  [jvm.dll+0x775373]
V  [jvm.dll+0x25e9c8]
V  [jvm.dll+0xc21d1]
V  [jvm.dll+0xc275c]
V  [jvm.dll+0x36daa2]
V  [jvm.dll+0x33ab03]
V  [jvm.dll+0x339eda]
V  [jvm.dll+0x218875]
V  [jvm.dll+0x217a1a]
V  [jvm.dll+0x194300]
V  [jvm.dll+0x2269df]
V  [jvm.dll+0x224fe8]
V  [jvm.dll+0x738aed]
V  [jvm.dll+0x6348c2]
C  [ucrtbase.dll+0x1e3fe]
C  [KERNEL32.DLL+0x14034]
C  [ntdll.dll+0x73691]


---------------  P R O C E S S  ---------------

Threads class SMR info:
_java_thread_list=0x000001c65b16ecd0, length=11, elements={
0x000001c63ae91800, 0x000001c65923e800, 0x000001c659248000, 0x000001c659255800,
0x000001c659257000, 0x000001c659259000, 0x000001c65927c800, 0x000001c659c07000,
0x000001c659d05800, 0x000001c659d10000, 0x000001c65d109000
}

Java Threads: ( => current thread )
  0x000001c63ae91800 JavaThread "main" [_thread_in_native, id=8340, stack(0x0000009243200000,0x0000009243300000)]
  0x000001c65923e800 JavaThread "Reference Handler" daemon [_thread_blocked, id=12816, stack(0x0000009243900000,0x0000009243a00000)]
  0x000001c659248000 JavaThread "Finalizer" daemon [_thread_blocked, id=12720, stack(0x0000009243a00000,0x0000009243b00000)]
  0x000001c659255800 JavaThread "Signal Dispatcher" daemon [_thread_blocked, id=10668, stack(0x0000009243b00000,0x0000009243c00000)]
  0x000001c659257000 JavaThread "Attach Listener" daemon [_thread_blocked, id=12156, stack(0x0000009243c00000,0x0000009243d00000)]
  0x000001c659259000 JavaThread "C2 CompilerThread0" daemon [_thread_in_native, id=10600, stack(0x0000009243d00000,0x0000009243e00000)]
  0x000001c65927c800 JavaThread "C1 CompilerThread0" daemon [_thread_blocked, id=228, stack(0x0000009243e00000,0x0000009243f00000)]
  0x000001c659c07000 JavaThread "Sweeper thread" daemon [_thread_blocked, id=1084, stack(0x0000009243f00000,0x0000009244000000)]
  0x000001c659d05800 JavaThread "Service Thread" daemon [_thread_blocked, id=12520, stack(0x0000009244000000,0x0000009244100000)]
  0x000001c659d10000 JavaThread "Common-Cleaner" daemon [_thread_blocked, id=8028, stack(0x0000009244200000,0x0000009244300000)]
=>0x000001c65d109000 JavaThread "C2 CompilerThread1" daemon [_thread_in_native, id=13504, stack(0x0000009244500000,0x0000009244600000)]

Other Threads:
  0x000001c659214800 VMThread "VM Thread" [stack: 0x0000009243800000,0x0000009243900000] [id=11984]
  0x000001c659d0d800 WatcherThread [stack: 0x0000009244100000,0x0000009244200000] [id=12604]
  0x000001c63aea8000 GCTaskThread "GC Thread#0" [stack: 0x0000009243300000,0x0000009243400000] [id=4960]
  0x000001c65a2d1800 GCTaskThread "GC Thread#1" [stack: 0x0000009244300000,0x0000009244400000] [id=12736]
  0x000001c65a2d2000 GCTaskThread "GC Thread#2" [stack: 0x0000009244400000,0x0000009244500000] [id=3456]
  0x000001c65dc0b800 GCTaskThread "GC Thread#3" [stack: 0x0000009244600000,0x0000009244700000] [id=12584]
  0x000001c63aed8800 ConcurrentGCThread "G1 Main Marker" [stack: 0x0000009243400000,0x0000009243500000] [id=2240]
  0x000001c63aedb000 ConcurrentGCThread "G1 Conc#0" [stack: 0x0000009243500000,0x0000009243600000] [id=7880]
  0x000001c63af6d000 ConcurrentGCThread "G1 Refine#0" [stack: 0x0000009243600000,0x0000009243700000] [id=12484]
  0x000001c63af6e000 ConcurrentGCThread "G1 Young RemSet Sampling" [stack: 0x0000009243700000,0x0000009243800000] [id=3404]

Threads with active compile tasks:
C2 CompilerThread07611  s!   4       com.sun.tools.javac.file.JavacFileManager::getContainer (210 bytes)
C2 CompilerThread17595 % !   4       java.nio.file.Files::walkFileTree @ 19 (294 bytes)

VM state:not at safepoint (normal execution)

VM Mutex/Monitor currently owned by a thread: None

Heap address: 0x0000000081000000, size: 2032 MB, Compressed Oops mode: 32-bit
Narrow klass base: 0x0000000000000000, Narrow klass shift: 3
Compressed class space size: 1073741824 Address: 0x0000000100000000

Heap:
 garbage-first heap   total 189440K, used 111616K [0x0000000081000000, 0x0000000100000000)
  region size 1024K, 55 young (56320K), 9 survivors (9216K)
 Metaspace       used 45559K, capacity 46570K, committed 46716K, reserved 1091584K
  class space    used 4758K, capacity 5125K, committed 5248K, reserved 1048576K
Heap Regions: E=young(eden), S=young(survivor), O=old, HS=humongous(starts), HC=humongous(continues), CS=collection set, F=free, A=archive, TAMS=top-at-mark-start (previous, next)
|   0|0x0000000081000000, 0x0000000081100000, 0x0000000081100000|100%| O|  |TAMS 0x0000000081100000, 0x0000000081000000| Untracked 
|   1|0x0000000081100000, 0x0000000081200000, 0x0000000081200000|100%| O|  |TAMS 0x0000000081200000, 0x0000000081100000| Untracked 
|   2|0x0000000081200000, 0x0000000081300000, 0x0000000081300000|100%| O|  |TAMS 0x0000000081300000, 0x0000000081200000| Untracked 
|   3|0x0000000081300000, 0x0000000081400000, 0x0000000081400000|100%| O|  |TAMS 0x0000000081400000, 0x0000000081300000| Untracked 
|   4|0x0000000081400000, 0x0000000081500000, 0x0000000081500000|100%| O|  |TAMS 0x0000000081500000, 0x0000000081400000| Untracked 
|   5|0x0000000081500000, 0x0000000081600000, 0x0000000081600000|100%| O|  |TAMS 0x0000000081600000, 0x0000000081500000| Untracked 
|   6|0x0000000081600000, 0x0000000081700000, 0x0000000081700000|100%| O|  |TAMS 0x0000000081700000, 0x0000000081600000| Untracked 
|   7|0x0000000081700000, 0x0000000081800000, 0x0000000081800000|100%| O|  |TAMS 0x0000000081800000, 0x0000000081700000| Untracked 
|   8|0x0000000081800000, 0x0000000081900000, 0x0000000081900000|100%| O|  |TAMS 0x0000000081900000, 0x0000000081800000| Untracked 
|   9|0x0000000081900000, 0x0000000081a00000, 0x0000000081a00000|100%| O|  |TAMS 0x0000000081a00000, 0x0000000081900000| Untracked 
|  10|0x0000000081a00000, 0x0000000081b00000, 0x0000000081b00000|100%| O|  |TAMS 0x0000000081b00000, 0x0000000081a00000| Untracked 
|  11|0x0000000081b00000, 0x0000000081c00000, 0x0000000081c00000|100%| O|  |TAMS 0x0000000081c00000, 0x0000000081b00000| Untracked 
|  12|0x0000000081c00000, 0x0000000081d00000, 0x0000000081d00000|100%| O|  |TAMS 0x0000000081d00000, 0x0000000081c00000| Untracked 
|  13|0x0000000081d00000, 0x0000000081e00000, 0x0000000081e00000|100%| O|  |TAMS 0x0000000081e00000, 0x0000000081d00000| Untracked 
|  14|0x0000000081e00000, 0x0000000081f00000, 0x0000000081f00000|100%| O|  |TAMS 0x0000000081f00000, 0x0000000081e00000| Untracked 
|  15|0x0000000081f00000, 0x0000000082000000, 0x0000000082000000|100%| O|  |TAMS 0x0000000082000000, 0x0000000081f00000| Untracked 
|  16|0x0000000082000000, 0x0000000082100000, 0x0000000082100000|100%| O|  |TAMS 0x0000000082100000, 0x0000000082000000| Untracked 
|  17|0x0000000082100000, 0x0000000082200000, 0x0000000082200000|100%| O|  |TAMS 0x0000000082200000, 0x0000000082100000| Untracked 
|  18|0x0000000082200000, 0x0000000082300000, 0x0000000082300000|100%| O|  |TAMS 0x0000000082300000, 0x0000000082200000| Untracked 
|  19|0x0000000082300000, 0x0000000082400000, 0x0000000082400000|100%|HS|  |TAMS 0x0000000082300000, 0x0000000082300000| Complete 
|  20|0x0000000082400000, 0x0000000082500000, 0x0000000082500000|100%|HS|  |TAMS 0x0000000082500000, 0x0000000082400000| Complete 
|  21|0x0000000082500000, 0x0000000082600000, 0x0000000082600000|100%| O|  |TAMS 0x0000000082600000, 0x0000000082500000| Untracked 
|  22|0x0000000082600000, 0x0000000082700000, 0x0000000082700000|100%| O|  |TAMS 0x0000000082700000, 0x0000000082600000| Untracked 
|  23|0x0000000082700000, 0x0000000082800000, 0x0000000082800000|100%| O|  |TAMS 0x0000000082800000, 0x0000000082700000| Untracked 
|  24|0x0000000082800000, 0x0000000082900000, 0x0000000082900000|100%| O|  |TAMS 0x0000000082900000, 0x0000000082800000| Untracked 
|  25|0x0000000082900000, 0x0000000082a00000, 0x0000000082a00000|100%| O|  |TAMS 0x0000000082a00000, 0x0000000082900000| Untracked 
|  26|0x0000000082a00000, 0x0000000082b00000, 0x0000000082b00000|100%| O|  |TAMS 0x0000000082b00000, 0x0000000082a00000| Untracked 
|  27|0x0000000082b00000, 0x0000000082c00000, 0x0000000082c00000|100%| O|  |TAMS 0x0000000082c00000, 0x0000000082b00000| Untracked 
|  28|0x0000000082c00000, 0x0000000082d00000, 0x0000000082d00000|100%| O|  |TAMS 0x0000000082d00000, 0x0000000082c00000| Untracked 
|  29|0x0000000082d00000, 0x0000000082e00000, 0x0000000082e00000|100%| O|  |TAMS 0x0000000082e00000, 0x0000000082d00000| Untracked 
|  30|0x0000000082e00000, 0x0000000082f00000, 0x0000000082f00000|100%| O|  |TAMS 0x0000000082f00000, 0x0000000082e00000| Untracked 
|  31|0x0000000082f00000, 0x0000000083000000, 0x0000000083000000|100%| O|  |TAMS 0x0000000083000000, 0x0000000082f00000| Untracked 
|  32|0x0000000083000000, 0x0000000083100000, 0x0000000083100000|100%| O|  |TAMS 0x0000000083100000, 0x0000000083000000| Untracked 
|  33|0x0000000083100000, 0x0000000083200000, 0x0000000083200000|100%| O|  |TAMS 0x0000000083200000, 0x0000000083100000| Untracked 
|  34|0x0000000083200000, 0x0000000083300000, 0x0000000083300000|100%| O|  |TAMS 0x0000000083300000, 0x0000000083200000| Untracked 
|  35|0x0000000083300000, 0x0000000083400000, 0x0000000083400000|100%| O|  |TAMS 0x0000000083400000, 0x0000000083300000| Untracked 
|  36|0x0000000083400000, 0x0000000083500000, 0x0000000083500000|100%| O|  |TAMS 0x0000000083500000, 0x0000000083400000| Untracked 
|  37|0x0000000083500000, 0x0000000083600000, 0x0000000083600000|100%| O|  |TAMS 0x0000000083600000, 0x0000000083500000| Untracked 
|  38|0x0000000083600000, 0x0000000083700000, 0x0000000083700000|100%| O|  |TAMS 0x0000000083700000, 0x0000000083600000| Untracked 
|  39|0x0000000083700000, 0x0000000083800000, 0x0000000083800000|100%| O|  |TAMS 0x0000000083800000, 0x0000000083700000| Untracked 
|  40|0x0000000083800000, 0x0000000083900000, 0x0000000083900000|100%| O|  |TAMS 0x0000000083900000, 0x0000000083800000| Untracked 
|  41|0x0000000083900000, 0x0000000083a00000, 0x0000000083a00000|100%| O|  |TAMS 0x0000000083a00000, 0x0000000083900000| Untracked 
|  42|0x0000000083a00000, 0x0000000083b00000, 0x0000000083b00000|100%| O|  |TAMS 0x0000000083b00000, 0x0000000083a00000| Untracked 
|  43|0x0000000083b00000, 0x0000000083c00000, 0x0000000083c00000|100%| O|  |TAMS 0x0000000083c00000, 0x0000000083b00000| Untracked 
|  44|0x0000000083c00000, 0x0000000083d00000, 0x0000000083d00000|100%|HS|  |TAMS 0x0000000083d00000, 0x0000000083c00000| Complete 
|  45|0x0000000083d00000, 0x0000000083e00000, 0x0000000083e00000|100%| O|  |TAMS 0x0000000083e00000, 0x0000000083d00000| Untracked 
|  46|0x0000000083e00000, 0x0000000083f00000, 0x0000000083f00000|100%| O|  |TAMS 0x0000000083e7f000, 0x0000000083e00000| Untracked 
|  47|0x0000000083f00000, 0x0000000083f00000, 0x0000000084000000|  0%| F|  |TAMS 0x0000000083f00000, 0x0000000083f00000| Untracked 
|  48|0x0000000084000000, 0x0000000084100000, 0x0000000084100000|100%| O|  |TAMS 0x0000000084000000, 0x0000000084000000| Untracked 
|  49|0x0000000084100000, 0x0000000084200000, 0x0000000084200000|100%| O|  |TAMS 0x0000000084100000, 0x0000000084100000| Untracked 
|  50|0x0000000084200000, 0x0000000084300000, 0x0000000084300000|100%| O|  |TAMS 0x0000000084200000, 0x0000000084200000| Untracked 
|  51|0x0000000084300000, 0x0000000084400000, 0x0000000084400000|100%| O|  |TAMS 0x0000000084300000, 0x0000000084300000| Untracked 
|  52|0x0000000084400000, 0x0000000084500000, 0x0000000084500000|100%| O|  |TAMS 0x0000000084400000, 0x0000000084400000| Untracked 
|  53|0x0000000084500000, 0x0000000084600000, 0x0000000084600000|100%| O|  |TAMS 0x0000000084500000, 0x0000000084500000| Untracked 
|  54|0x0000000084600000, 0x0000000084700000, 0x0000000084700000|100%| O|  |TAMS 0x0000000084600000, 0x0000000084600000| Untracked 
|  55|0x0000000084700000, 0x0000000084800000, 0x0000000084800000|100%|HS|  |TAMS 0x0000000084700000, 0x0000000084700000| Complete 
|  56|0x0000000084800000, 0x0000000084900000, 0x0000000084900000|100%| O|  |TAMS 0x0000000084800000, 0x0000000084800000| Untracked 
|  57|0x0000000084900000, 0x0000000084900000, 0x0000000084a00000|  0%| F|  |TAMS 0x0000000084900000, 0x0000000084900000| Untracked 
|  58|0x0000000084a00000, 0x0000000084a00000, 0x0000000084b00000|  0%| F|  |TAMS 0x0000000084a00000, 0x0000000084a00000| Untracked 
|  59|0x0000000084b00000, 0x0000000084b00000, 0x0000000084c00000|  0%| F|  |TAMS 0x0000000084b00000, 0x0000000084b00000| Untracked 
|  60|0x0000000084c00000, 0x0000000084c00000, 0x0000000084d00000|  0%| F|  |TAMS 0x0000000084c00000, 0x0000000084c00000| Untracked 
|  61|0x0000000084d00000, 0x0000000084d00000, 0x0000000084e00000|  0%| F|  |TAMS 0x0000000084d00000, 0x0000000084d00000| Untracked 
|  62|0x0000000084e00000, 0x0000000084e00000, 0x0000000084f00000|  0%| F|  |TAMS 0x0000000084e00000, 0x0000000084e00000| Untracked 
|  63|0x0000000084f00000, 0x0000000084f00000, 0x0000000085000000|  0%| F|  |TAMS 0x0000000084f00000, 0x0000000084f00000| Untracked 
|  64|0x0000000085000000, 0x0000000085000000, 0x0000000085100000|  0%| F|  |TAMS 0x0000000085000000, 0x0000000085000000| Untracked 
|  65|0x0000000085100000, 0x0000000085100000, 0x0000000085200000|  0%| F|  |TAMS 0x0000000085100000, 0x0000000085100000| Untracked 
|  66|0x0000000085200000, 0x0000000085200000, 0x0000000085300000|  0%| F|  |TAMS 0x0000000085200000, 0x0000000085200000| Untracked 
|  67|0x0000000085300000, 0x0000000085300000, 0x0000000085400000|  0%| F|  |TAMS 0x0000000085300000, 0x0000000085300000| Untracked 
|  68|0x0000000085400000, 0x0000000085400000, 0x0000000085500000|  0%| F|  |TAMS 0x0000000085400000, 0x0000000085400000| Untracked 
|  69|0x0000000085500000, 0x0000000085500000, 0x0000000085600000|  0%| F|  |TAMS 0x0000000085500000, 0x0000000085500000| Untracked 
|  70|0x0000000085600000, 0x0000000085600000, 0x0000000085700000|  0%| F|  |TAMS 0x0000000085600000, 0x0000000085600000| Untracked 
|  71|0x0000000085700000, 0x0000000085700000, 0x0000000085800000|  0%| F|  |TAMS 0x0000000085700000, 0x0000000085700000| Untracked 
|  72|0x0000000085800000, 0x0000000085800000, 0x0000000085900000|  0%| F|  |TAMS 0x0000000085800000, 0x0000000085800000| Untracked 
|  73|0x0000000085900000, 0x0000000085900000, 0x0000000085a00000|  0%| F|  |TAMS 0x0000000085900000, 0x0000000085900000| Untracked 
|  74|0x0000000085a00000, 0x0000000085a00000, 0x0000000085b00000|  0%| F|  |TAMS 0x0000000085a00000, 0x0000000085a00000| Untracked 
|  75|0x0000000085b00000, 0x0000000085b00000, 0x0000000085c00000|  0%| F|  |TAMS 0x0000000085b00000, 0x0000000085b00000| Untracked 
|  76|0x0000000085c00000, 0x0000000085c00000, 0x0000000085d00000|  0%| F|  |TAMS 0x0000000085c00000, 0x0000000085c00000| Untracked 
|  77|0x0000000085d00000, 0x0000000085d00000, 0x0000000085e00000|  0%| F|  |TAMS 0x0000000085d00000, 0x0000000085d00000| Untracked 
|  78|0x0000000085e00000, 0x0000000085e00000, 0x0000000085f00000|  0%| F|  |TAMS 0x0000000085e00000, 0x0000000085e00000| Untracked 
|  79|0x0000000085f00000, 0x0000000085f00000, 0x0000000086000000|  0%| F|  |TAMS 0x0000000085f00000, 0x0000000085f00000| Untracked 
|  80|0x0000000086000000, 0x0000000086000000, 0x0000000086100000|  0%| F|  |TAMS 0x0000000086000000, 0x0000000086000000| Untracked 
|  81|0x0000000086100000, 0x0000000086100000, 0x0000000086200000|  0%| F|  |TAMS 0x0000000086100000, 0x0000000086100000| Untracked 
|  82|0x0000000086200000, 0x0000000086200000, 0x0000000086300000|  0%| F|  |TAMS 0x0000000086200000, 0x0000000086200000| Untracked 
|  83|0x0000000086300000, 0x0000000086300000, 0x0000000086400000|  0%| F|  |TAMS 0x0000000086300000, 0x0000000086300000| Untracked 
|  84|0x0000000086400000, 0x0000000086400000, 0x0000000086500000|  0%| F|  |TAMS 0x0000000086400000, 0x0000000086400000| Untracked 
|  85|0x0000000086500000, 0x0000000086500000, 0x0000000086600000|  0%| F|  |TAMS 0x0000000086500000, 0x0000000086500000| Untracked 
|  86|0x0000000086600000, 0x0000000086600000, 0x0000000086700000|  0%| F|  |TAMS 0x0000000086600000, 0x0000000086600000| Untracked 
|  87|0x0000000086700000, 0x0000000086700000, 0x0000000086800000|  0%| F|  |TAMS 0x0000000086700000, 0x0000000086700000| Untracked 
|  88|0x0000000086800000, 0x0000000086800000, 0x0000000086900000|  0%| F|  |TAMS 0x0000000086800000, 0x0000000086800000| Untracked 
|  89|0x0000000086900000, 0x0000000086900000, 0x0000000086a00000|  0%| F|  |TAMS 0x0000000086900000, 0x0000000086900000| Untracked 
|  90|0x0000000086a00000, 0x0000000086a00000, 0x0000000086b00000|  0%| F|  |TAMS 0x0000000086a00000, 0x0000000086a00000| Untracked 
|  91|0x0000000086b00000, 0x0000000086b00000, 0x0000000086c00000|  0%| F|  |TAMS 0x0000000086b00000, 0x0000000086b00000| Untracked 
|  92|0x0000000086c00000, 0x0000000086c00000, 0x0000000086d00000|  0%| F|  |TAMS 0x0000000086c00000, 0x0000000086c00000| Untracked 
|  93|0x0000000086d00000, 0x0000000086d00000, 0x0000000086e00000|  0%| F|  |TAMS 0x0000000086d00000, 0x0000000086d00000| Untracked 
|  94|0x0000000086e00000, 0x0000000086e00000, 0x0000000086f00000|  0%| F|  |TAMS 0x0000000086e00000, 0x0000000086e00000| Untracked 
|  95|0x0000000086f00000, 0x0000000086f00000, 0x0000000087000000|  0%| F|  |TAMS 0x0000000086f00000, 0x0000000086f00000| Untracked 
|  96|0x0000000087000000, 0x0000000087000000, 0x0000000087100000|  0%| F|  |TAMS 0x0000000087000000, 0x0000000087000000| Untracked 
|  97|0x0000000087100000, 0x0000000087100000, 0x0000000087200000|  0%| F|  |TAMS 0x0000000087100000, 0x0000000087100000| Untracked 
|  98|0x0000000087200000, 0x0000000087200000, 0x0000000087300000|  0%| F|  |TAMS 0x0000000087200000, 0x0000000087200000| Untracked 
|  99|0x0000000087300000, 0x0000000087300000, 0x0000000087400000|  0%| F|  |TAMS 0x0000000087300000, 0x0000000087300000| Untracked 
| 100|0x0000000087400000, 0x0000000087400000, 0x0000000087500000|  0%| F|  |TAMS 0x0000000087400000, 0x0000000087400000| Untracked 
| 101|0x0000000087500000, 0x0000000087500000, 0x0000000087600000|  0%| F|  |TAMS 0x0000000087500000, 0x0000000087500000| Untracked 
| 102|0x0000000087600000, 0x0000000087600000, 0x0000000087700000|  0%| F|  |TAMS 0x0000000087600000, 0x0000000087600000| Untracked 
| 103|0x0000000087700000, 0x0000000087700000, 0x0000000087800000|  0%| F|  |TAMS 0x0000000087700000, 0x0000000087700000| Untracked 
| 104|0x0000000087800000, 0x0000000087800000, 0x0000000087900000|  0%| F|  |TAMS 0x0000000087800000, 0x0000000087800000| Untracked 
| 105|0x0000000087900000, 0x0000000087a00000, 0x0000000087a00000|100%| S|CS|TAMS 0x0000000087900000, 0x0000000087900000| Complete 
| 106|0x0000000087a00000, 0x0000000087b00000, 0x0000000087b00000|100%| S|CS|TAMS 0x0000000087a00000, 0x0000000087a00000| Complete 
| 107|0x0000000087b00000, 0x0000000087c00000, 0x0000000087c00000|100%| S|CS|TAMS 0x0000000087b00000, 0x0000000087b00000| Complete 
| 108|0x0000000087c00000, 0x0000000087d00000, 0x0000000087d00000|100%| S|CS|TAMS 0x0000000087c00000, 0x0000000087c00000| Complete 
| 109|0x0000000087d00000, 0x0000000087e00000, 0x0000000087e00000|100%| S|CS|TAMS 0x0000000087d00000, 0x0000000087d00000| Complete 
| 110|0x0000000087e00000, 0x0000000087f00000, 0x0000000087f00000|100%| S|CS|TAMS 0x0000000087e00000, 0x0000000087e00000| Complete 
| 111|0x0000000087f00000, 0x0000000088000000, 0x0000000088000000|100%| S|CS|TAMS 0x0000000087f00000, 0x0000000087f00000| Complete 
| 112|0x0000000088000000, 0x0000000088100000, 0x0000000088100000|100%| S|CS|TAMS 0x0000000088000000, 0x0000000088000000| Complete 
| 113|0x0000000088100000, 0x0000000088200000, 0x0000000088200000|100%| S|CS|TAMS 0x0000000088100000, 0x0000000088100000| Complete 
| 114|0x0000000088200000, 0x0000000088200000, 0x0000000088300000|  0%| F|  |TAMS 0x0000000088200000, 0x0000000088200000| Untracked 
| 115|0x0000000088300000, 0x0000000088300000, 0x0000000088400000|  0%| F|  |TAMS 0x0000000088300000, 0x0000000088300000| Untracked 
| 116|0x0000000088400000, 0x0000000088400000, 0x0000000088500000|  0%| F|  |TAMS 0x0000000088400000, 0x0000000088400000| Untracked 
| 117|0x0000000088500000, 0x0000000088500000, 0x0000000088600000|  0%| F|  |TAMS 0x0000000088500000, 0x0000000088500000| Untracked 
| 118|0x0000000088600000, 0x0000000088600000, 0x0000000088700000|  0%| F|  |TAMS 0x0000000088600000, 0x0000000088600000| Untracked 
| 119|0x0000000088700000, 0x0000000088700000, 0x0000000088800000|  0%| F|  |TAMS 0x0000000088700000, 0x0000000088700000| Untracked 
| 120|0x0000000088800000, 0x0000000088800000, 0x0000000088900000|  0%| F|  |TAMS 0x0000000088800000, 0x0000000088800000| Untracked 
| 121|0x0000000088900000, 0x0000000088900000, 0x0000000088a00000|  0%| F|  |TAMS 0x0000000088900000, 0x0000000088900000| Untracked 
| 122|0x0000000088a00000, 0x0000000088a00000, 0x0000000088b00000|  0%| F|  |TAMS 0x0000000088a00000, 0x0000000088a00000| Untracked 
| 123|0x0000000088b00000, 0x0000000088b00000, 0x0000000088c00000|  0%| F|  |TAMS 0x0000000088b00000, 0x0000000088b00000| Untracked 
| 124|0x0000000088c00000, 0x0000000088c00000, 0x0000000088d00000|  0%| F|  |TAMS 0x0000000088c00000, 0x0000000088c00000| Untracked 
| 125|0x0000000088d00000, 0x0000000088d00000, 0x0000000088e00000|  0%| F|  |TAMS 0x0000000088d00000, 0x0000000088d00000| Untracked 
| 126|0x0000000088e00000, 0x0000000088e00000, 0x0000000088f00000|  0%| F|  |TAMS 0x0000000088e00000, 0x0000000088e00000| Untracked 
| 127|0x0000000088f00000, 0x0000000088f00000, 0x0000000089000000|  0%| F|  |TAMS 0x0000000088f00000, 0x0000000088f00000| Untracked 
| 128|0x0000000089000000, 0x0000000089000000, 0x0000000089100000|  0%| F|  |TAMS 0x0000000089000000, 0x0000000089000000| Untracked 
| 129|0x0000000089100000, 0x0000000089100000, 0x0000000089200000|  0%| F|  |TAMS 0x0000000089100000, 0x0000000089100000| Untracked 
| 130|0x0000000089200000, 0x0000000089200000, 0x0000000089300000|  0%| F|  |TAMS 0x0000000089200000, 0x0000000089200000| Untracked 
| 131|0x0000000089300000, 0x0000000089300000, 0x0000000089400000|  0%| F|  |TAMS 0x0000000089300000, 0x0000000089300000| Untracked 
| 132|0x0000000089400000, 0x0000000089400000, 0x0000000089500000|  0%| F|  |TAMS 0x0000000089400000, 0x0000000089400000| Untracked 
| 133|0x0000000089500000, 0x0000000089500000, 0x0000000089600000|  0%| F|  |TAMS 0x0000000089500000, 0x0000000089500000| Untracked 
| 134|0x0000000089600000, 0x0000000089600000, 0x0000000089700000|  0%| F|  |TAMS 0x0000000089600000, 0x0000000089600000| Untracked 
| 135|0x0000000089700000, 0x0000000089700000, 0x0000000089800000|  0%| F|  |TAMS 0x0000000089700000, 0x0000000089700000| Untracked 
| 136|0x0000000089800000, 0x0000000089800000, 0x0000000089900000|  0%| F|  |TAMS 0x0000000089800000, 0x0000000089800000| Untracked 
| 137|0x0000000089900000, 0x0000000089900000, 0x0000000089a00000|  0%| F|  |TAMS 0x0000000089900000, 0x0000000089900000| Untracked 
| 138|0x0000000089a00000, 0x0000000089a00000, 0x0000000089b00000|  0%| F|  |TAMS 0x0000000089a00000, 0x0000000089a00000| Untracked 
| 139|0x0000000089b00000, 0x0000000089c00000, 0x0000000089c00000|100%| E|  |TAMS 0x0000000089b00000, 0x0000000089b00000| Complete 
| 140|0x0000000089c00000, 0x0000000089d00000, 0x0000000089d00000|100%| E|CS|TAMS 0x0000000089c00000, 0x0000000089c00000| Complete 
| 141|0x0000000089d00000, 0x0000000089e00000, 0x0000000089e00000|100%| E|CS|TAMS 0x0000000089d00000, 0x0000000089d00000| Complete 
| 142|0x0000000089e00000, 0x0000000089f00000, 0x0000000089f00000|100%| E|CS|TAMS 0x0000000089e00000, 0x0000000089e00000| Complete 
| 143|0x0000000089f00000, 0x000000008a000000, 0x000000008a000000|100%| E|CS|TAMS 0x0000000089f00000, 0x0000000089f00000| Complete 
| 144|0x000000008a000000, 0x000000008a100000, 0x000000008a100000|100%| E|CS|TAMS 0x000000008a000000, 0x000000008a000000| Complete 
| 145|0x000000008a100000, 0x000000008a200000, 0x000000008a200000|100%| E|CS|TAMS 0x000000008a100000, 0x000000008a100000| Complete 
| 146|0x000000008a200000, 0x000000008a300000, 0x000000008a300000|100%| E|CS|TAMS 0x000000008a200000, 0x000000008a200000| Complete 
| 147|0x000000008a300000, 0x000000008a400000, 0x000000008a400000|100%| E|CS|TAMS 0x000000008a300000, 0x000000008a300000| Complete 
| 148|0x000000008a400000, 0x000000008a500000, 0x000000008a500000|100%| E|CS|TAMS 0x000000008a400000, 0x000000008a400000| Complete 
| 149|0x000000008a500000, 0x000000008a600000, 0x000000008a600000|100%| E|CS|TAMS 0x000000008a500000, 0x000000008a500000| Complete 
| 150|0x000000008a600000, 0x000000008a700000, 0x000000008a700000|100%| E|CS|TAMS 0x000000008a600000, 0x000000008a600000| Complete 
| 151|0x000000008a700000, 0x000000008a800000, 0x000000008a800000|100%| E|CS|TAMS 0x000000008a700000, 0x000000008a700000| Complete 
| 152|0x000000008a800000, 0x000000008a900000, 0x000000008a900000|100%| E|CS|TAMS 0x000000008a800000, 0x000000008a800000| Complete 
| 153|0x000000008a900000, 0x000000008aa00000, 0x000000008aa00000|100%| E|CS|TAMS 0x000000008a900000, 0x000000008a900000| Complete 
| 154|0x000000008aa00000, 0x000000008ab00000, 0x000000008ab00000|100%| E|  |TAMS 0x000000008aa00000, 0x000000008aa00000| Complete 
| 155|0x000000008ab00000, 0x000000008ac00000, 0x000000008ac00000|100%| E|CS|TAMS 0x000000008ab00000, 0x000000008ab00000| Complete 
| 156|0x000000008ac00000, 0x000000008ad00000, 0x000000008ad00000|100%| E|CS|TAMS 0x000000008ac00000, 0x000000008ac00000| Complete 
| 157|0x000000008ad00000, 0x000000008ae00000, 0x000000008ae00000|100%| E|CS|TAMS 0x000000008ad00000, 0x000000008ad00000| Complete 
| 158|0x000000008ae00000, 0x000000008af00000, 0x000000008af00000|100%| E|CS|TAMS 0x000000008ae00000, 0x000000008ae00000| Complete 
| 159|0x000000008af00000, 0x000000008b000000, 0x000000008b000000|100%| E|CS|TAMS 0x000000008af00000, 0x000000008af00000| Complete 
| 160|0x000000008b000000, 0x000000008b100000, 0x000000008b100000|100%| E|CS|TAMS 0x000000008b000000, 0x000000008b000000| Complete 
| 161|0x000000008b100000, 0x000000008b200000, 0x000000008b200000|100%| E|CS|TAMS 0x000000008b100000, 0x000000008b100000| Complete 
| 162|0x000000008b200000, 0x000000008b300000, 0x000000008b300000|100%| E|CS|TAMS 0x000000008b200000, 0x000000008b200000| Complete 
| 163|0x000000008b300000, 0x000000008b400000, 0x000000008b400000|100%| E|CS|TAMS 0x000000008b300000, 0x000000008b300000| Complete 
| 164|0x000000008b400000, 0x000000008b500000, 0x000000008b500000|100%| E|CS|TAMS 0x000000008b400000, 0x000000008b400000| Complete 
| 165|0x000000008b500000, 0x000000008b600000, 0x000000008b600000|100%| E|CS|TAMS 0x000000008b500000, 0x000000008b500000| Complete 
| 166|0x000000008b600000, 0x000000008b700000, 0x000000008b700000|100%| E|CS|TAMS 0x000000008b600000, 0x000000008b600000| Complete 
| 167|0x000000008b700000, 0x000000008b800000, 0x000000008b800000|100%| E|CS|TAMS 0x000000008b700000, 0x000000008b700000| Complete 
| 168|0x000000008b800000, 0x000000008b900000, 0x000000008b900000|100%| E|CS|TAMS 0x000000008b800000, 0x000000008b800000| Complete 
| 169|0x000000008b900000, 0x000000008ba00000, 0x000000008ba00000|100%| E|CS|TAMS 0x000000008b900000, 0x000000008b900000| Complete 
| 170|0x000000008ba00000, 0x000000008bb00000, 0x000000008bb00000|100%| E|CS|TAMS 0x000000008ba00000, 0x000000008ba00000| Complete 
| 171|0x000000008bb00000, 0x000000008bc00000, 0x000000008bc00000|100%| E|CS|TAMS 0x000000008bb00000, 0x000000008bb00000| Complete 
| 172|0x000000008bc00000, 0x000000008bd00000, 0x000000008bd00000|100%| E|CS|TAMS 0x000000008bc00000, 0x000000008bc00000| Complete 
| 173|0x000000008bd00000, 0x000000008be00000, 0x000000008be00000|100%| E|CS|TAMS 0x000000008bd00000, 0x000000008bd00000| Complete 
| 174|0x000000008be00000, 0x000000008bf00000, 0x000000008bf00000|100%| E|CS|TAMS 0x000000008be00000, 0x000000008be00000| Complete 
| 175|0x000000008bf00000, 0x000000008c000000, 0x000000008c000000|100%| E|CS|TAMS 0x000000008bf00000, 0x000000008bf00000| Complete 
| 176|0x000000008c000000, 0x000000008c100000, 0x000000008c100000|100%| E|CS|TAMS 0x000000008c000000, 0x000000008c000000| Complete 
| 177|0x000000008c100000, 0x000000008c200000, 0x000000008c200000|100%| E|CS|TAMS 0x000000008c100000, 0x000000008c100000| Complete 
| 178|0x000000008c200000, 0x000000008c300000, 0x000000008c300000|100%| E|CS|TAMS 0x000000008c200000, 0x000000008c200000| Complete 
| 179|0x000000008c300000, 0x000000008c400000, 0x000000008c400000|100%| E|CS|TAMS 0x000000008c300000, 0x000000008c300000| Complete 
| 180|0x000000008c400000, 0x000000008c500000, 0x000000008c500000|100%| E|CS|TAMS 0x000000008c400000, 0x000000008c400000| Complete 
| 181|0x000000008c500000, 0x000000008c600000, 0x000000008c600000|100%| E|CS|TAMS 0x000000008c500000, 0x000000008c500000| Complete 
| 182|0x000000008c600000, 0x000000008c700000, 0x000000008c700000|100%| E|CS|TAMS 0x000000008c600000, 0x000000008c600000| Complete 
| 183|0x000000008c700000, 0x000000008c800000, 0x000000008c800000|100%| E|CS|TAMS 0x000000008c700000, 0x000000008c700000| Complete 
| 184|0x000000008c800000, 0x000000008c900000, 0x000000008c900000|100%| E|CS|TAMS 0x000000008c800000, 0x000000008c800000| Complete 

Card table byte_map: [0x000001c6525d0000,0x000001c6529d0000] _byte_map_base: 0x000001c6521c8000

Marking Bits (Prev, Next): (CMBitMap*) 0x000001c63aed0030, (CMBitMap*) 0x000001c63aecfff8
 Prev Bits: [0x000001c654d90000, 0x000001c656d50000)
 Next Bits: [0x000001c652dd0000, 0x000001c654d90000)

Polling page: 0x000001c638de0000

Metaspace:

Usage:
  Non-class:     40.47 MB capacity,    39.84 MB ( 98%) used,   567.34 KB (  1%) free+waste,    76.69 KB ( <1%) overhead. 
      Class:      5.00 MB capacity,     4.65 MB ( 93%) used,   335.63 KB (  7%) free+waste,    30.44 KB ( <1%) overhead. 
       Both:     45.48 MB capacity,    44.49 MB ( 98%) used,   902.98 KB (  2%) free+waste,   107.13 KB ( <1%) overhead. 

Virtual space:
  Non-class space:       42.00 MB reserved,      40.50 MB ( 96%) committed 
      Class space:        1.00 GB reserved,       5.13 MB ( <1%) committed 
             Both:        1.04 GB reserved,      45.62 MB (  4%) committed 

Chunk freelists:
   Non-Class:  2.88 KB
       Class:  3.38 KB
        Both:  6.25 KB

CodeHeap 'non-profiled nmethods': size=120064Kb used=4731Kb max_used=4731Kb free=115332Kb
 bounds [0x000001c64ac90000, 0x000001c64b130000, 0x000001c6521d0000]
CodeHeap 'profiled nmethods': size=120000Kb used=18756Kb max_used=18756Kb free=101243Kb
 bounds [0x000001c643760000, 0x000001c6449c0000, 0x000001c64ac90000]
CodeHeap 'non-nmethods': size=5696Kb used=1147Kb max_used=1191Kb free=4549Kb
 bounds [0x000001c6431d0000, 0x000001c643440000, 0x000001c643760000]
 total_blobs=10025 nmethods=7597 adapters=391
 compilation: enabled
              stopped_count=0, restarted_count=0
 full_count=0

Compilation events (10 events):
Event: 15.778 Thread 0x000001c65927c800 nmethod 7622 0x000001c64b12d510 code [0x000001c64b12d6c0, 0x000001c64b12d7d8]
Event: 15.778 Thread 0x000001c65927c800 7624   !   2       com.sun.tools.javac.jvm.ClassReader::readMethod (462 bytes)
Event: 15.781 Thread 0x000001c65927c800 nmethod 7624 0x000001c644991290 code [0x000001c644991660, 0x000001c644992ab0]
Event: 15.781 Thread 0x000001c65927c800 7623       1       jdk.internal.jimage.ImageReader$Resource::getLocation (5 bytes)
Event: 15.781 Thread 0x000001c65927c800 nmethod 7623 0x000001c64b12d890 code [0x000001c64b12da40, 0x000001c64b12db58]
Event: 15.801 Thread 0x000001c65927c800 7626       3       com.sun.tools.javac.code.Scope$ScopeImpl$$Lambda$132/0x0000000100397040::accepts (12 bytes)
Event: 15.801 Thread 0x000001c65927c800 nmethod 7626 0x000001c644993510 code [0x000001c6449936e0, 0x000001c6449939f8]
Event: 15.801 Thread 0x000001c65927c800 7627       3       com.sun.tools.javac.code.Scope$ScopeImpl::lambda$remove$0 (11 bytes)
Event: 15.801 Thread 0x000001c65927c800 nmethod 7627 0x000001c644993b10 code [0x000001c644993cc0, 0x000001c644993e58]
Event: 15.802 Thread 0x000001c65927c800 7628       3       java.lang.String::split (324 bytes)

GC Heap History (10 events):
Event: 11.767 GC heap before
{Heap before GC invocations=9 (full 0):
 garbage-first heap   total 157696K, used 100887K [0x0000000081000000, 0x0000000100000000)
  region size 1024K, 76 young (77824K), 9 survivors (9216K)
 Metaspace       used 32806K, capacity 33639K, committed 33788K, reserved 1079296K
  class space    used 3453K, capacity 3743K, committed 3840K, reserved 1048576K
}
Event: 11.786 GC heap after
{Heap after GC invocations=10 (full 0):
 garbage-first heap   total 157696K, used 44000K [0x0000000081000000, 0x0000000100000000)
  region size 1024K, 10 young (10240K), 10 survivors (10240K)
 Metaspace       used 32806K, capacity 33639K, committed 33788K, reserved 1079296K
  class space    used 3453K, capacity 3743K, committed 3840K, reserved 1048576K
}
Event: 12.375 GC heap before
{Heap before GC invocations=10 (full 0):
 garbage-first heap   total 157696K, used 61408K [0x0000000081000000, 0x0000000100000000)
  region size 1024K, 28 young (28672K), 10 survivors (10240K)
 Metaspace       used 35088K, capacity 35889K, committed 35964K, reserved 1081344K
  class space    used 3638K, capacity 3910K, committed 3968K, reserved 1048576K
}
Event: 12.391 GC heap after
{Heap after GC invocations=11 (full 0):
 garbage-first heap   total 157696K, used 46995K [0x0000000081000000, 0x0000000100000000)
  region size 1024K, 3 young (3072K), 3 survivors (3072K)
 Metaspace       used 35088K, capacity 35889K, committed 35964K, reserved 1081344K
  class space    used 3638K, capacity 3910K, committed 3968K, reserved 1048576K
}
Event: 13.482 GC heap before
{Heap before GC invocations=12 (full 0):
 garbage-first heap   total 157696K, used 101267K [0x0000000081000000, 0x0000000100000000)
  region size 1024K, 55 young (56320K), 3 survivors (3072K)
 Metaspace       used 41866K, capacity 42734K, committed 42876K, reserved 1087488K
  class space    used 4348K, capacity 4659K, committed 4736K, reserved 1048576K
}
Event: 13.498 GC heap after
{Heap after GC invocations=13 (full 0):
 garbage-first heap   total 189440K, used 54780K [0x0000000081000000, 0x0000000100000000)
  region size 1024K, 7 young (7168K), 7 survivors (7168K)
 Metaspace       used 41866K, capacity 42734K, committed 42876K, reserved 1087488K
  class space    used 4348K, capacity 4659K, committed 4736K, reserved 1048576K
}
Event: 14.990 GC heap before
{Heap before GC invocations=14 (full 0):
 garbage-first heap   total 189440K, used 122364K [0x0000000081000000, 0x0000000100000000)
  region size 1024K, 73 young (74752K), 7 survivors (7168K)
 Metaspace       used 45231K, capacity 46144K, committed 46332K, reserved 1091584K
  class space    used 4739K, capacity 5089K, committed 5120K, reserved 1048576K
}
Event: 15.006 GC heap after
{Heap after GC invocations=15 (full 0):
 garbage-first heap   total 189440K, used 58875K [0x0000000081000000, 0x0000000100000000)
  region size 1024K, 4 young (4096K), 4 survivors (4096K)
 Metaspace       used 45231K, capacity 46144K, committed 46332K, reserved 1091584K
  class space    used 4739K, capacity 5089K, committed 5120K, reserved 1048576K
}
Event: 15.308 GC heap before
{Heap before GC invocations=15 (full 0):
 garbage-first heap   total 189440K, used 128507K [0x0000000081000000, 0x0000000100000000)
  region size 1024K, 71 young (72704K), 4 survivors (4096K)
 Metaspace       used 45493K, capacity 46440K, committed 46716K, reserved 1091584K
  class space    used 4758K, capacity 5125K, committed 5248K, reserved 1048576K
}
Event: 15.317 GC heap after
{Heap after GC invocations=16 (full 0):
 garbage-first heap   total 189440K, used 66560K [0x0000000081000000, 0x0000000100000000)
  region size 1024K, 9 young (9216K), 9 survivors (9216K)
 Metaspace       used 45493K, capacity 46440K, committed 46716K, reserved 1091584K
  class space    used 4758K, capacity 5125K, committed 5248K, reserved 1048576K
}

Deoptimization events (10 events):
Event: 14.798 Thread 0x000001c63ae91800 Uncommon trap: reason=class_check action=maybe_recompile pc=0x000001c64afed238 method=java.util.HashMap.removeNode(ILjava/lang/Object;Ljava/lang/Object;ZZ)Ljava/util/HashMap$Node; @ 68 c2
Event: 14.816 Thread 0x000001c63ae91800 Uncommon trap: reason=class_check action=maybe_recompile pc=0x000001c64b03b98c method=com.sun.tools.javac.code.Scope$ScopeListenerList.walkReferences(Lcom/sun/tools/javac/code/Symbol;Lcom/sun/tools/javac/code/Scope;Z)V @ 20 c2
Event: 14.817 Thread 0x000001c63ae91800 Uncommon trap: reason=bimorphic_or_optimized_type_check action=maybe_recompile pc=0x000001c64ae7824c method=java.util.WeakHashMap.eq(Ljava/lang/Object;Ljava/lang/Object;)Z @ 7 c2
Event: 14.817 Thread 0x000001c63ae91800 Uncommon trap: reason=bimorphic_or_optimized_type_check action=maybe_recompile pc=0x000001c64ae7824c method=java.util.WeakHashMap.eq(Ljava/lang/Object;Ljava/lang/Object;)Z @ 7 c2
Event: 14.817 Thread 0x000001c63ae91800 Uncommon trap: reason=bimorphic_or_optimized_type_check action=maybe_recompile pc=0x000001c64ae7824c method=java.util.WeakHashMap.eq(Ljava/lang/Object;Ljava/lang/Object;)Z @ 7 c2
Event: 15.142 Thread 0x000001c63ae91800 Uncommon trap: reason=unstable_if action=reinterpret pc=0x000001c64b08d544 method=com.sun.tools.javac.code.Symbol$TypeSymbol.formFullName(Lcom/sun/tools/javac/util/Name;Lcom/sun/tools/javac/code/Symbol;)Lcom/sun/tools/javac/util/Name; @ 1 c2
Event: 15.253 Thread 0x000001c63ae91800 Uncommon trap: reason=speculate_class_check action=maybe_recompile pc=0x000001c64b101b94 method=java.util.zip.InflaterInputStream.read([BII)I @ 100 c2
Event: 15.256 Thread 0x000001c63ae91800 Uncommon trap: reason=speculate_class_check action=maybe_recompile pc=0x000001c64b101b94 method=java.util.zip.InflaterInputStream.read([BII)I @ 100 c2
Event: 15.260 Thread 0x000001c63ae91800 Uncommon trap: reason=speculate_class_check action=maybe_recompile pc=0x000001c64b101b94 method=java.util.zip.InflaterInputStream.read([BII)I @ 100 c2
Event: 15.272 Thread 0x000001c63ae91800 Uncommon trap: reason=speculate_class_check action=maybe_recompile pc=0x000001c64b101b94 method=java.util.zip.InflaterInputStream.read([BII)I @ 100 c2

Classes redefined (0 events):
No events

Internal exceptions (10 events):
Event: 15.795 Thread 0x000001c63ae91800 Exception <a 'sun/nio/fs/WindowsException'{0x0000000089d32e60}> (0x0000000089d32e60) thrown at [t:/workspace/open/src/hotspot/share/prims/jni.cpp, line 615]
Event: 15.796 Thread 0x000001c63ae91800 Exception <a 'sun/nio/fs/WindowsException'{0x0000000089d33100}> (0x0000000089d33100) thrown at [t:/workspace/open/src/hotspot/share/prims/jni.cpp, line 615]
Event: 15.797 Thread 0x000001c63ae91800 Exception <a 'sun/nio/fs/WindowsException'{0x0000000089d34a38}> (0x0000000089d34a38) thrown at [t:/workspace/open/src/hotspot/share/prims/jni.cpp, line 615]
Event: 15.797 Thread 0x000001c63ae91800 Exception <a 'sun/nio/fs/WindowsException'{0x0000000089d34cc0}> (0x0000000089d34cc0) thrown at [t:/workspace/open/src/hotspot/share/prims/jni.cpp, line 615]
Event: 15.798 Thread 0x000001c63ae91800 Exception <a 'sun/nio/fs/WindowsException'{0x0000000089d39338}> (0x0000000089d39338) thrown at [t:/workspace/open/src/hotspot/share/prims/jni.cpp, line 615]
Event: 15.798 Thread 0x000001c63ae91800 Exception <a 'sun/nio/fs/WindowsException'{0x0000000089d39570}> (0x0000000089d39570) thrown at [t:/workspace/open/src/hotspot/share/prims/jni.cpp, line 615]
Event: 15.799 Thread 0x000001c63ae91800 Exception <a 'sun/nio/fs/WindowsException'{0x0000000089d45a50}> (0x0000000089d45a50) thrown at [t:/workspace/open/src/hotspot/share/prims/jni.cpp, line 615]
Event: 15.799 Thread 0x000001c63ae91800 Exception <a 'sun/nio/fs/WindowsException'{0x0000000089d45cd0}> (0x0000000089d45cd0) thrown at [t:/workspace/open/src/hotspot/share/prims/jni.cpp, line 615]
Event: 15.799 Thread 0x000001c63ae91800 Exception <a 'sun/nio/fs/WindowsException'{0x0000000089d476c8}> (0x0000000089d476c8) thrown at [t:/workspace/open/src/hotspot/share/prims/jni.cpp, line 615]
Event: 15.799 Thread 0x000001c63ae91800 Exception <a 'sun/nio/fs/WindowsException'{0x0000000089d47a10}> (0x0000000089d47a10) thrown at [t:/workspace/open/src/hotspot/share/prims/jni.cpp, line 615]

Events (10 events):
Event: 15.256 Thread 0x000001c63ae91800 DEOPT PACKING pc=0x000001c64b101b94 sp=0x00000092432fc7b0
Event: 15.256 Thread 0x000001c63ae91800 DEOPT UNPACKING pc=0x000001c6431f8a2f sp=0x00000092432fc7c0 mode 2
Event: 15.260 Thread 0x000001c63ae91800 Uncommon trap: trap_request=0xffffff6e fr.pc=0x000001c64b101b94 relative=0x0000000000000e74
Event: 15.260 Thread 0x000001c63ae91800 DEOPT PACKING pc=0x000001c64b101b94 sp=0x00000092432fc7b0
Event: 15.260 Thread 0x000001c63ae91800 DEOPT UNPACKING pc=0x000001c6431f8a2f sp=0x00000092432fc7c0 mode 2
Event: 15.272 Thread 0x000001c63ae91800 Uncommon trap: trap_request=0xffffff6e fr.pc=0x000001c64b101b94 relative=0x0000000000000e74
Event: 15.272 Thread 0x000001c63ae91800 DEOPT PACKING pc=0x000001c64b101b94 sp=0x00000092432fc7b0
Event: 15.272 Thread 0x000001c63ae91800 DEOPT UNPACKING pc=0x000001c6431f8a2f sp=0x00000092432fc7c0 mode 2
Event: 15.308 Executing VM operation: G1CollectForAllocation
Event: 15.317 Executing VM operation: G1CollectForAllocation done


Dynamic libraries:
0x00007ff7e5cd0000 - 0x00007ff7e5d17000 	C:\Program Files\Java\jdk-11.0.3\bin\java.exe
0x00007ff8a8e60000 - 0x00007ff8a9041000 	C:\WINDOWS\SYSTEM32\ntdll.dll
0x00007ff8a6cf0000 - 0x00007ff8a6da1000 	C:\WINDOWS\System32\KERNEL32.DLL
0x00007ff8a5e80000 - 0x00007ff8a60f3000 	C:\WINDOWS\System32\KERNELBASE.dll
0x00007ff8a87a0000 - 0x00007ff8a8841000 	C:\WINDOWS\System32\ADVAPI32.dll
0x00007ff8a8650000 - 0x00007ff8a86ee000 	C:\WINDOWS\System32\msvcrt.dll
0x00007ff8a6a10000 - 0x00007ff8a6a6b000 	C:\WINDOWS\System32\sechost.dll
0x00007ff8a6db0000 - 0x00007ff8a6ed4000 	C:\WINDOWS\System32\RPCRT4.dll
0x00007ff8a6ab0000 - 0x00007ff8a6c40000 	C:\WINDOWS\System32\USER32.dll
0x00007ff8a5230000 - 0x00007ff8a5250000 	C:\WINDOWS\System32\win32u.dll
0x00007ff8a6a80000 - 0x00007ff8a6aa8000 	C:\WINDOWS\System32\GDI32.dll
0x00007ff8a53f0000 - 0x00007ff8a5582000 	C:\WINDOWS\System32\gdi32full.dll
0x00007ff8a5250000 - 0x00007ff8a52ef000 	C:\WINDOWS\System32\msvcp_win.dll
0x00007ff8a52f0000 - 0x00007ff8a53e8000 	C:\WINDOWS\System32\ucrtbase.dll
0x00007ff8988a0000 - 0x00007ff898b09000 	C:\WINDOWS\WinSxS\amd64_microsoft.windows.common-controls_6595b64144ccf1df_6.0.17134.799_none_fb46a2653061bee5\COMCTL32.dll
0x00007ff8a8320000 - 0x00007ff8a8642000 	C:\WINDOWS\System32\combase.dll
0x00007ff8a09f0000 - 0x00007ff8a09fa000 	C:\WINDOWS\SYSTEM32\VERSION.dll
0x00007ff8a5da0000 - 0x00007ff8a5e1a000 	C:\WINDOWS\System32\bcryptPrimitives.dll
0x00007ff8a8b00000 - 0x00007ff8a8b2d000 	C:\WINDOWS\System32\IMM32.DLL
0x00007ff88ff40000 - 0x00007ff88ff56000 	C:\Program Files\Java\jdk-11.0.3\bin\vcruntime140.dll
0x00007ff85f8b0000 - 0x00007ff85f95a000 	C:\Program Files\Java\jdk-11.0.3\bin\msvcp140.dll
0x00007ff850bd0000 - 0x00007ff8516f7000 	C:\Program Files\Java\jdk-11.0.3\bin\server\jvm.dll
0x00007ff8a6ce0000 - 0x00007ff8a6ce8000 	C:\WINDOWS\System32\PSAPI.DLL
0x00007ff88ff60000 - 0x00007ff88ff69000 	C:\WINDOWS\SYSTEM32\WSOCK32.dll
0x00007ff8a3220000 - 0x00007ff8a3243000 	C:\WINDOWS\SYSTEM32\WINMM.dll
0x00007ff8a62f0000 - 0x00007ff8a635c000 	C:\WINDOWS\System32\WS2_32.dll
0x00007ff8a2d00000 - 0x00007ff8a2d2a000 	C:\WINDOWS\SYSTEM32\winmmbase.dll
0x00007ff8a5590000 - 0x00007ff8a55d9000 	C:\WINDOWS\System32\cfgmgr32.dll
0x00007ff8a5210000 - 0x00007ff8a5221000 	C:\WINDOWS\System32\kernel.appcore.dll
0x00007ff88db50000 - 0x00007ff88db61000 	C:\Program Files\Java\jdk-11.0.3\bin\verify.dll
0x00007ff89a110000 - 0x00007ff89a2d9000 	C:\WINDOWS\SYSTEM32\DBGHELP.DLL
0x00007ff89a0e0000 - 0x00007ff89a109000 	C:\WINDOWS\SYSTEM32\dbgcore.DLL
0x00007ff86ee20000 - 0x00007ff86ee49000 	C:\Program Files\Java\jdk-11.0.3\bin\java.dll
0x00007ff870010000 - 0x00007ff870026000 	C:\Program Files\Java\jdk-11.0.3\bin\zip.dll
0x00007ff88f750000 - 0x00007ff88f75a000 	C:\Program Files\Java\jdk-11.0.3\bin\jimage.dll
0x00007ff8a6ee0000 - 0x00007ff8a8320000 	C:\WINDOWS\System32\SHELL32.dll
0x00007ff8a86f0000 - 0x00007ff8a8799000 	C:\WINDOWS\System32\shcore.dll
0x00007ff8a55e0000 - 0x00007ff8a5ced000 	C:\WINDOWS\System32\windows.storage.dll
0x00007ff8a64e0000 - 0x00007ff8a6531000 	C:\WINDOWS\System32\shlwapi.dll
0x00007ff8a5170000 - 0x00007ff8a518f000 	C:\WINDOWS\System32\profapi.dll
0x00007ff8a51c0000 - 0x00007ff8a520c000 	C:\WINDOWS\System32\powrprof.dll
0x00007ff8a5190000 - 0x00007ff8a519a000 	C:\WINDOWS\System32\FLTLIB.DLL
0x00007ff86e9e0000 - 0x00007ff86e9f9000 	C:\Program Files\Java\jdk-11.0.3\bin\net.dll
0x00007ff8a08d0000 - 0x00007ff8a09ad000 	C:\WINDOWS\SYSTEM32\WINHTTP.dll
0x00007ff89f380000 - 0x00007ff89f549000 	C:\WINDOWS\SYSTEM32\urlmon.dll
0x00007ff89df60000 - 0x00007ff89e206000 	C:\WINDOWS\SYSTEM32\iertutil.dll
0x00007ff8a4bc0000 - 0x00007ff8a4bcb000 	C:\WINDOWS\SYSTEM32\CRYPTBASE.DLL
0x00007ff8a49f0000 - 0x00007ff8a4a56000 	C:\WINDOWS\system32\mswsock.dll
0x00007ff86e9c0000 - 0x00007ff86e9d3000 	C:\Program Files\Java\jdk-11.0.3\bin\nio.dll

dbghelp: loaded successfully - version: 4.0.5 - missing functions: none
symbol engine: initialized successfully - sym options: 0x614 - pdb path: .;C:\Program Files\Java\jdk-11.0.3\bin;C:\WINDOWS\SYSTEM32;C:\WINDOWS\WinSxS\amd64_microsoft.windows.common-controls_6595b64144ccf1df_6.0.17134.799_none_fb46a2653061bee5;C:\Program Files\Java\jdk-11.0.3\bin\server

VM Arguments:
jvm_args: -Dclassworlds.conf=C:\Program Files\netbeans\java\maven\bin\m2.conf -Dmaven.home=C:\Program Files\netbeans\java\maven -Dmaven.multiModuleProjectDirectory=E:\oka bc\new eval\eval 
java_command: org.codehaus.plexus.classworlds.launcher.Launcher -Dmaven.ext.class.path=C:\Program Files\netbeans\java\maven-nblib\netbeans-eventspy.jar -Dfile.encoding=UTF-8 clean install
java_class_path (initial): C:\Program Files\netbeans\java\maven\boot\plexus-classworlds-2.5.2.jar
Launcher Type: SUN_STANDARD

[Global flags]
     intx CICompilerCount                          = 3                                         {product} {ergonomic}
     uint ConcGCThreads                            = 1                                         {product} {ergonomic}
     uint G1ConcRefinementThreads                  = 4                                         {product} {ergonomic}
   size_t G1HeapRegionSize                         = 1048576                                   {product} {ergonomic}
    uintx GCDrainStackTargetSize                   = 64                                        {product} {ergonomic}
   size_t InitialHeapSize                          = 134217728                                 {product} {ergonomic}
   size_t MarkStackSize                            = 4194304                                   {product} {ergonomic}
   size_t MaxHeapSize                              = 2130706432                                {product} {ergonomic}
   size_t MaxNewSize                               = 1278214144                                {product} {ergonomic}
   size_t MinHeapDeltaBytes                        = 1048576                                   {product} {ergonomic}
    uintx NonNMethodCodeHeapSize                   = 5830092                                {pd product} {ergonomic}
    uintx NonProfiledCodeHeapSize                  = 122914074                              {pd product} {ergonomic}
    uintx ProfiledCodeHeapSize                     = 122914074                              {pd product} {ergonomic}
    uintx ReservedCodeCacheSize                    = 251658240                              {pd product} {ergonomic}
     bool SegmentedCodeCache                       = true                                      {product} {ergonomic}
     bool UseCompressedClassPointers               = true                                 {lp64_product} {ergonomic}
     bool UseCompressedOops                        = true                                 {lp64_product} {ergonomic}
     bool UseG1GC                                  = true                                      {product} {ergonomic}
     bool UseLargePagesIndividualAllocation        = false                                  {pd product} {ergonomic}

Logging:
Log output configuration:
 #0: stdout all=warning uptime,level,tags
 #1: stderr all=off uptime,level,tags

Environment Variables:
JAVA_HOME=C:\Program Files\Java\jdk-11.0.3
PATH=C:\Program Files (x86)\Common Files\Oracle\Java\javapath;C:\WINDOWS\system32;C:\WINDOWS;C:\WINDOWS\System32\Wbem;C:\WINDOWS\System32\WindowsPowerShell\v1.0\;C:\Program Files\Git\cmd;C:\WINDOWS\System32\OpenSSH\;C:\Program Files\Java\jdk-11.0.3\bin;C:\Users\galan\AppData\Local\Microsoft\WindowsApps;C:\Users\galan\AppData\Local\Programs\Microsoft VS Code\bin;C:\Users\galan\AppData\Local\GitHubDesktop\bin;C:\Users\galan\AppData\Local\Microsoft\WindowsApps;C:\flutter\bin;
USERNAME=galan
OS=Windows_NT
PROCESSOR_IDENTIFIER=AMD64 Family 21 Model 56 Stepping 1, AuthenticAMD



---------------  S Y S T E M  ---------------

OS: Windows 10 , 64 bit Build 17134 (10.0.17134.753)

CPU:total 4 (initial active 4) (4 cores per cpu, 1 threads per core) family 21 model 56 stepping 1, cmov, cx8, fxsr, mmx, sse, sse2, sse3, ssse3, sse4.1, sse4.2, popcnt, avx, aes, clmul, mmxext, 3dnowpref, lzcnt, sse4a, tsc, tscinvbit, tscinv, bmi1, fma

Memory: 4k page, system-wide physical 8127M (972M free)
TotalPageFile size 27200M (AvailPageFile size 11M)
current process WorkingSet (physical memory assigned to process): 325M, peak: 341M
current process commit charge ("private bytes"): 356M, peak: 377M

vm_info: Java HotSpot(TM) 64-Bit Server VM (11.0.3+12-LTS) for windows-amd64 JRE (11.0.3+12-LTS), built on Apr  2 2019 12:43:09 by "mach5one" with MS VC++ 15.5 (VS2017)

END.
