#
# There is insufficient memory for the Java Runtime Environment to continue.
# Native memory allocation (mmap) failed to map 134217728 bytes for Failed to commit area from 0x0000000081000000 to 0x0000000089000000 of length 134217728.
# Possible reasons:
#   The system is out of physical RAM or swap space
#   The process is running with CompressedOops enabled, and the Java Heap may be blocking the growth of the native heap
# Possible solutions:
#   Reduce memory load on the system
#   Increase physical memory or swap space
#   Check if swap backing store is full
#   Decrease Java heap size (-Xmx/-Xms)
#   Decrease number of Java threads
#   Decrease Java thread stack sizes (-Xss)
#   Set larger code cache with -XX:ReservedCodeCacheSize=
# This output file may be truncated or incomplete.
#
#  Out of Memory Error (t:/workspace/open/src/hotspot/os/windows/os_windows.cpp:3269), pid=9124, tid=12328
#
# JRE version:  (11.0.3+12) (build )
# Java VM: Java HotSpot(TM) 64-Bit Server VM (11.0.3+12-LTS, mixed mode, aot, sharing, tiered, compressed oops, g1 gc, windows-amd64)
# No core dump will be written. Minidumps are not enabled by default on client versions of Windows
#

---------------  S U M M A R Y ------------

Command Line: C:\Users\galan\AppData\Local\Temp\surefire3917410438029669665\surefirebooter4993563560968699044.jar C:\Users\galan\AppData\Local\Temp\surefire3917410438029669665 2019-06-05T16-26-57_946-jvmRun1 surefire8374631457864337949tmp surefire_011665709824920120955tmp

Host: AMD Athlon(tm) X4 870K Quad Core Processor     , 4 cores, 7G,  Windows 10 , 64 bit Build 17134 (10.0.17134.753)
Time: Wed Jun  5 16:27:09 2019 SE Asia Standard Time elapsed time: 0 seconds (0d 0h 0m 0s)

---------------  T H R E A D  ---------------

Current thread (0x000002c4c7424000):  JavaThread "Unknown thread" [_thread_in_vm, id=12328, stack(0x000000c7bc700000,0x000000c7bc800000)]

Stack: [0x000000c7bc700000,0x000000c7bc800000]
Native frames: (J=compiled Java code, j=interpreted, Vv=VM code, C=native code)
V  [jvm.dll+0x63582a]
V  [jvm.dll+0x77360f]
V  [jvm.dll+0x774cba]
V  [jvm.dll+0x775373]
V  [jvm.dll+0x25e9c8]
V  [jvm.dll+0x632cba]
V  [jvm.dll+0x627715]
V  [jvm.dll+0x31523c]
V  [jvm.dll+0x3150c2]
V  [jvm.dll+0x31a936]
V  [jvm.dll+0x36667f]
V  [jvm.dll+0x3660a0]
V  [jvm.dll+0x2f1da8]
V  [jvm.dll+0x2f2f06]
V  [jvm.dll+0x74c867]
V  [jvm.dll+0x74dfaf]
V  [jvm.dll+0x3734b9]
V  [jvm.dll+0x732f09]
V  [jvm.dll+0x3e291d]
V  [jvm.dll+0x3e4cb1]
C  [java.exe+0x3607]
C  [java.exe+0x178dc]
C  [KERNEL32.DLL+0x14034]
C  [ntdll.dll+0x73691]


---------------  P R O C E S S  ---------------

Threads class SMR info:
_java_thread_list=0x000002c4c53551d0, length=0, elements={
}

Java Threads: ( => current thread )

Other Threads:
  0x000002c4c743a000 GCTaskThread "GC Thread#0" [stack: 0x000000c7bc800000,0x000000c7bc900000] [id=13396]
  0x000002c4c746b800 ConcurrentGCThread "G1 Main Marker" [stack: 0x000000c7bc900000,0x000000c7bca00000] [id=4284]
  0x000002c4c746e000 ConcurrentGCThread "G1 Conc#0" [stack: 0x000000c7bca00000,0x000000c7bcb00000] [id=2876]

[error occurred during error reporting (printing all threads), id 0xc0000005, EXCEPTION_ACCESS_VIOLATION (0xc0000005) at pc=0x00007ff850ed0497]

VM state:not at safepoint (not fully initialized)

VM Mutex/Monitor currently owned by a thread:  ([mutex/lock_event])
[0x000002c4c7421620] Heap_lock - owner thread: 0x000002c4c7424000

Heap address: 0x0000000081000000, size: 2032 MB, Compressed Oops mode: Non-zero based: 0x0000000081000000
Narrow klass base: 0x0000000000000000, Narrow klass shift: 0

GC Heap History (0 events):
No events

Deoptimization events (0 events):
No events

Classes redefined (0 events):
No events

Internal exceptions (0 events):
No events

Events (0 events):
No events


Dynamic libraries:
0x00007ff7e5cd0000 - 0x00007ff7e5d17000 	C:\Program Files\Java\jdk-11.0.3\bin\java.exe
0x00007ff8a8e60000 - 0x00007ff8a9041000 	C:\WINDOWS\SYSTEM32\ntdll.dll
0x00007ff8a6cf0000 - 0x00007ff8a6da1000 	C:\WINDOWS\System32\KERNEL32.DLL
0x00007ff8a5e80000 - 0x00007ff8a60f3000 	C:\WINDOWS\System32\KERNELBASE.dll
0x00007ff8a87a0000 - 0x00007ff8a8841000 	C:\WINDOWS\System32\ADVAPI32.dll
0x00007ff8a8650000 - 0x00007ff8a86ee000 	C:\WINDOWS\System32\msvcrt.dll
0x00007ff8a6a10000 - 0x00007ff8a6a6b000 	C:\WINDOWS\System32\sechost.dll
0x00007ff8a6db0000 - 0x00007ff8a6ed4000 	C:\WINDOWS\System32\RPCRT4.dll
0x00007ff8a6ab0000 - 0x00007ff8a6c40000 	C:\WINDOWS\System32\USER32.dll
0x00007ff8a5230000 - 0x00007ff8a5250000 	C:\WINDOWS\System32\win32u.dll
0x00007ff8a6a80000 - 0x00007ff8a6aa8000 	C:\WINDOWS\System32\GDI32.dll
0x00007ff8a53f0000 - 0x00007ff8a5582000 	C:\WINDOWS\System32\gdi32full.dll
0x00007ff8a5250000 - 0x00007ff8a52ef000 	C:\WINDOWS\System32\msvcp_win.dll
0x00007ff8a52f0000 - 0x00007ff8a53e8000 	C:\WINDOWS\System32\ucrtbase.dll
0x00007ff8988a0000 - 0x00007ff898b09000 	C:\WINDOWS\WinSxS\amd64_microsoft.windows.common-controls_6595b64144ccf1df_6.0.17134.799_none_fb46a2653061bee5\COMCTL32.dll
0x00007ff8a09f0000 - 0x00007ff8a09fa000 	C:\WINDOWS\SYSTEM32\VERSION.dll
0x00007ff8a8320000 - 0x00007ff8a8642000 	C:\WINDOWS\System32\combase.dll
0x00007ff8a5da0000 - 0x00007ff8a5e1a000 	C:\WINDOWS\System32\bcryptPrimitives.dll
0x00007ff8a8b00000 - 0x00007ff8a8b2d000 	C:\WINDOWS\System32\IMM32.DLL
0x00007ff88ff40000 - 0x00007ff88ff56000 	C:\Program Files\Java\jdk-11.0.3\bin\vcruntime140.dll
0x00007ff85f8b0000 - 0x00007ff85f95a000 	C:\Program Files\Java\jdk-11.0.3\bin\msvcp140.dll
0x00007ff850bd0000 - 0x00007ff8516f7000 	C:\Program Files\Java\jdk-11.0.3\bin\server\jvm.dll
0x00007ff8a6ce0000 - 0x00007ff8a6ce8000 	C:\WINDOWS\System32\PSAPI.DLL
0x00007ff88ff60000 - 0x00007ff88ff69000 	C:\WINDOWS\SYSTEM32\WSOCK32.dll
0x00007ff8a3220000 - 0x00007ff8a3243000 	C:\WINDOWS\SYSTEM32\WINMM.dll
0x00007ff8a62f0000 - 0x00007ff8a635c000 	C:\WINDOWS\System32\WS2_32.dll
0x00007ff8a2d00000 - 0x00007ff8a2d2a000 	C:\WINDOWS\SYSTEM32\WINMMBASE.dll
0x00007ff8a5590000 - 0x00007ff8a55d9000 	C:\WINDOWS\System32\cfgmgr32.dll
0x00007ff8a5210000 - 0x00007ff8a5221000 	C:\WINDOWS\System32\kernel.appcore.dll
0x00007ff88db50000 - 0x00007ff88db61000 	C:\Program Files\Java\jdk-11.0.3\bin\verify.dll
0x00007ff89a110000 - 0x00007ff89a2d9000 	C:\WINDOWS\SYSTEM32\DBGHELP.DLL
0x00007ff89a0e0000 - 0x00007ff89a109000 	C:\WINDOWS\SYSTEM32\dbgcore.DLL
0x00007ff86ee20000 - 0x00007ff86ee49000 	C:\Program Files\Java\jdk-11.0.3\bin\java.dll
0x00007ff870010000 - 0x00007ff870026000 	C:\Program Files\Java\jdk-11.0.3\bin\zip.dll
0x00007ff88f750000 - 0x00007ff88f75a000 	C:\Program Files\Java\jdk-11.0.3\bin\jimage.dll

dbghelp: loaded successfully - version: 4.0.5 - missing functions: none
symbol engine: initialized successfully - sym options: 0x614 - pdb path: .;C:\Program Files\Java\jdk-11.0.3\bin;C:\WINDOWS\SYSTEM32;C:\WINDOWS\WinSxS\amd64_microsoft.windows.common-controls_6595b64144ccf1df_6.0.17134.799_none_fb46a2653061bee5;C:\Program Files\Java\jdk-11.0.3\bin\server

VM Arguments:
java_command: C:\Users\galan\AppData\Local\Temp\surefire3917410438029669665\surefirebooter4993563560968699044.jar C:\Users\galan\AppData\Local\Temp\surefire3917410438029669665 2019-06-05T16-26-57_946-jvmRun1 surefire8374631457864337949tmp surefire_011665709824920120955tmp
java_class_path (initial): C:\Users\galan\AppData\Local\Temp\surefire3917410438029669665\surefirebooter4993563560968699044.jar
Launcher Type: SUN_STANDARD

[Global flags]
     intx CICompilerCount                          = 3                                         {product} {ergonomic}
     uint ConcGCThreads                            = 1                                         {product} {ergonomic}
     uint G1ConcRefinementThreads                  = 4                                         {product} {ergonomic}
   size_t G1HeapRegionSize                         = 1048576                                   {product} {ergonomic}
    uintx GCDrainStackTargetSize                   = 64                                        {product} {ergonomic}
   size_t InitialHeapSize                          = 134217728                                 {product} {ergonomic}
   size_t MarkStackSize                            = 4194304                                   {product} {ergonomic}
   size_t MaxHeapSize                              = 2130706432                                {product} {ergonomic}
   size_t MinHeapDeltaBytes                        = 1048576                                   {product} {ergonomic}
    uintx NonNMethodCodeHeapSize                   = 5830092                                {pd product} {ergonomic}
    uintx NonProfiledCodeHeapSize                  = 122914074                              {pd product} {ergonomic}
    uintx ProfiledCodeHeapSize                     = 122914074                              {pd product} {ergonomic}
    uintx ReservedCodeCacheSize                    = 251658240                              {pd product} {ergonomic}
     bool SegmentedCodeCache                       = true                                      {product} {ergonomic}
     bool UseCompressedClassPointers               = true                                 {lp64_product} {ergonomic}
     bool UseCompressedOops                        = true                                 {lp64_product} {ergonomic}
     bool UseG1GC                                  = true                                      {product} {ergonomic}
     bool UseLargePagesIndividualAllocation        = false                                  {pd product} {ergonomic}

Logging:
Log output configuration:
 #0: stdout all=warning uptime,level,tags
 #1: stderr all=off uptime,level,tags

Environment Variables:
JAVA_HOME=C:\Program Files\Java\jdk-11.0.3
PATH=C:\Program Files (x86)\Common Files\Oracle\Java\javapath;C:\WINDOWS\system32;C:\WINDOWS;C:\WINDOWS\System32\Wbem;C:\WINDOWS\System32\WindowsPowerShell\v1.0\;C:\Program Files\Git\cmd;C:\WINDOWS\System32\OpenSSH\;C:\Program Files\Java\jdk-11.0.3\bin;C:\Users\galan\AppData\Local\Microsoft\WindowsApps;C:\Users\galan\AppData\Local\Programs\Microsoft VS Code\bin;C:\Users\galan\AppData\Local\GitHubDesktop\bin;C:\Users\galan\AppData\Local\Microsoft\WindowsApps;C:\flutter\bin;
USERNAME=galan
OS=Windows_NT
PROCESSOR_IDENTIFIER=AMD64 Family 21 Model 56 Stepping 1, AuthenticAMD



---------------  S Y S T E M  ---------------

OS: Windows 10 , 64 bit Build 17134 (10.0.17134.753)

CPU:total 4 (initial active 4) (4 cores per cpu, 1 threads per core) family 21 model 56 stepping 1, cmov, cx8, fxsr, mmx, sse, sse2, sse3, ssse3, sse4.1, sse4.2, popcnt, avx, aes, clmul, mmxext, 3dnowpref, lzcnt, sse4a, tsc, tscinvbit, tscinv, bmi1, fma

Memory: 4k page, system-wide physical 8127M (1005M free)
TotalPageFile size 27200M (AvailPageFile size 22M)
current process WorkingSet (physical memory assigned to process): 9M, peak: 9M
current process commit charge ("private bytes"): 51M, peak: 179M

vm_info: Java HotSpot(TM) 64-Bit Server VM (11.0.3+12-LTS) for windows-amd64 JRE (11.0.3+12-LTS), built on Apr  2 2019 12:43:09 by "mach5one" with MS VC++ 15.5 (VS2017)

END.
